\2020-02-07T21:11:45.466693900+08:00 - 参数列表:["target\\debug\\vulkan_tutorial_rust.exe", "command_buffers"]
2020-02-07T21:11:45.527534300+08:00 - layer_properties[LayerProperties { layer_name: "VK_LAYER_NV_optimus", spec_version: 4198470, implementation_version: 1, description: "NVIDIA Optimus layer" }, LayerProperties { layer_name: "VK_LAYER_RENDERDOC_Capture", spec_version: 4198473, implementation_version: 1, description: "Debugging capture layer for RenderDoc" }, LayerProperties { layer_name: "VK_LAYER_VALVE_steam_overlay", spec_version: 4198473, implementation_version: 1, description: "Steam Overlay Layer" }, LayerProperties { layer_name: "VK_LAYER_VALVE_steam_fossilize", spec_version: 4198473, implementation_version: 1, description: "Steam Pipeline Caching Layer" }, LayerProperties { layer_name: "VK_LAYER_EOS_Overlay", spec_version: 4198473, implementation_version: 1, description: "Vulkan overlay layer for Epic Online Services" }, LayerProperties { layer_name: "VK_LAYER_EOS_Overlay", spec_version: 4198473, implementation_version: 1, description: "Vulkan overlay layer for Epic Online Services" }, LayerProperties { layer_name: "VK_LAYER_LUNARG_api_dump", spec_version: 4198530, implementation_version: 2, description: "LunarG API dump layer" }, LayerProperties { layer_name: "VK_LAYER_LUNARG_device_simulation", spec_version: 4198530, implementation_version: 1, description: "LunarG device simulation layer" }, LayerProperties { layer_name: "VK_LAYER_KHRONOS_validation", spec_version: 4198530, implementation_version: 1, description: "Khronos Validation Layer" }, LayerProperties { layer_name: "VK_LAYER_LUNARG_monitor", spec_version: 4198530, implementation_version: 1, description: "Execution Monitoring Layer" }, LayerProperties { layer_name: "VK_LAYER_LUNARG_screenshot", spec_version: 4198530, implementation_version: 1, description: "LunarG image capture layer" }, LayerProperties { layer_name: "VK_LAYER_LUNARG_standard_validation", spec_version: 4198530, implementation_version: 1, description: "LunarG Standard Validation" }, LayerProperties { layer_name: "VK_LAYER_LUNARG_vktrace", spec_version: 4198530, implementation_version: 1, description: "Vktrace tracing library" }]
2020-02-07T21:11:45.711041800+08:00 - 当前支持的VULKAN version_major是:1
2020-02-07T21:11:45.712038800+08:00 - 当前支持的VULKAN version_minor是:1
2020-02-07T21:11:45.712038800+08:00 - 当前支持的VULKAN version_patch是:130
2020-02-07T21:11:45.972341100+08:00 - 物理设备名称: "GeForce GTX 1060"
2020-02-07T21:11:45.973338500+08:00 - 物理设备类型: DISCRETE_GPU
2020-02-07T21:11:45.973338500+08:00 - 物理设备属性：PhysicalDeviceProperties {
    api_version: 4198470,
    driver_version: 1669758976,
    vendor_id: 4318,
    device_id: 7200,
    device_type: DISCRETE_GPU,
    device_name: "GeForce GTX 1060",
    pipeline_cache_uuid: [
        43,
        177,
        34,
        45,
        147,
        196,
        31,
        26,
        75,
        29,
        131,
        54,
        15,
        2,
        3,
        136,
    ],
    limits: PhysicalDeviceLimits {
        max_image_dimension1_d: 32768,
        max_image_dimension2_d: 32768,
        max_image_dimension3_d: 16384,
        max_image_dimension_cube: 32768,
        max_image_array_layers: 2048,
        max_texel_buffer_elements: 134217728,
        max_uniform_buffer_range: 65536,
        max_storage_buffer_range: 4294967295,
        max_push_constants_size: 256,
        max_memory_allocation_count: 4096,
        max_sampler_allocation_count: 4000,
        buffer_image_granularity: 1024,
        sparse_address_space_size: 18446744073709551615,
        max_bound_descriptor_sets: 8,
        max_per_stage_descriptor_samplers: 1048576,
        max_per_stage_descriptor_uniform_buffers: 15,
        max_per_stage_descriptor_storage_buffers: 1048576,
        max_per_stage_descriptor_sampled_images: 1048576,
        max_per_stage_descriptor_storage_images: 1048576,
        max_per_stage_descriptor_input_attachments: 1048576,
        max_per_stage_resources: 4294967295,
        max_descriptor_set_samplers: 1048576,
        max_descriptor_set_uniform_buffers: 90,
        max_descriptor_set_uniform_buffers_dynamic: 15,
        max_descriptor_set_storage_buffers: 1048576,
        max_descriptor_set_storage_buffers_dynamic: 16,
        max_descriptor_set_sampled_images: 1048576,
        max_descriptor_set_storage_images: 1048576,
        max_descriptor_set_input_attachments: 1048576,
        max_vertex_input_attributes: 32,
        max_vertex_input_bindings: 32,
        max_vertex_input_attribute_offset: 2047,
        max_vertex_input_binding_stride: 2048,
        max_vertex_output_components: 128,
        max_tessellation_generation_level: 64,
        max_tessellation_patch_size: 32,
        max_tessellation_control_per_vertex_input_components: 128,
        max_tessellation_control_per_vertex_output_components: 128,
        max_tessellation_control_per_patch_output_components: 120,
        max_tessellation_control_total_output_components: 4216,
        max_tessellation_evaluation_input_components: 128,
        max_tessellation_evaluation_output_components: 128,
        max_geometry_shader_invocations: 32,
        max_geometry_input_components: 128,
        max_geometry_output_components: 128,
        max_geometry_output_vertices: 1024,
        max_geometry_total_output_components: 1024,
        max_fragment_input_components: 128,
        max_fragment_output_attachments: 8,
        max_fragment_dual_src_attachments: 1,
        max_fragment_combined_output_resources: 16,
        max_compute_shared_memory_size: 49152,
        max_compute_work_group_count: [
            2147483647,
            65535,
            65535,
        ],
        max_compute_work_group_invocations: 1536,
        max_compute_work_group_size: [
            1536,
            1024,
            64,
        ],
        sub_pixel_precision_bits: 8,
        sub_texel_precision_bits: 8,
        mipmap_precision_bits: 8,
        max_draw_indexed_index_value: 4294967295,
        max_draw_indirect_count: 4294967295,
        max_sampler_lod_bias: 15.0,
        max_sampler_anisotropy: 16.0,
        max_viewports: 16,
        max_viewport_dimensions: [
            32768,
            32768,
        ],
        viewport_bounds_range: [
            -65536.0,
            65536.0,
        ],
        viewport_sub_pixel_bits: 8,
        min_memory_map_alignment: 64,
        min_texel_buffer_offset_alignment: 16,
        min_uniform_buffer_offset_alignment: 256,
        min_storage_buffer_offset_alignment: 32,
        min_texel_offset: -8,
        max_texel_offset: 7,
        min_texel_gather_offset: -32,
        max_texel_gather_offset: 31,
        min_interpolation_offset: -0.5,
        max_interpolation_offset: 0.4375,
        sub_pixel_interpolation_offset_bits: 4,
        max_framebuffer_width: 32768,
        max_framebuffer_height: 32768,
        max_framebuffer_layers: 2048,
        framebuffer_color_sample_counts: TYPE_1 | TYPE_2 | TYPE_4 | TYPE_8,
        framebuffer_depth_sample_counts: TYPE_1 | TYPE_2 | TYPE_4 | TYPE_8,
        framebuffer_stencil_sample_counts: TYPE_1 | TYPE_2 | TYPE_4 | TYPE_8 | TYPE_16,
        framebuffer_no_attachments_sample_counts: TYPE_1 | TYPE_2 | TYPE_4 | TYPE_8 | TYPE_16,
        max_color_attachments: 8,
        sampled_image_color_sample_counts: TYPE_1 | TYPE_2 | TYPE_4 | TYPE_8,
        sampled_image_integer_sample_counts: TYPE_1 | TYPE_2 | TYPE_4 | TYPE_8,
        sampled_image_depth_sample_counts: TYPE_1 | TYPE_2 | TYPE_4 | TYPE_8,
        sampled_image_stencil_sample_counts: TYPE_1 | TYPE_2 | TYPE_4 | TYPE_8 | TYPE_16,
        storage_image_sample_counts: TYPE_1 | TYPE_2 | TYPE_4 | TYPE_8,
        max_sample_mask_words: 1,
        timestamp_compute_and_graphics: 1,
        timestamp_period: 1.0,
        max_clip_distances: 8,
        max_cull_distances: 8,
        max_combined_clip_and_cull_distances: 8,
        discrete_queue_priorities: 2,
        point_size_range: [
            1.0,
            189.875,
        ],
        line_width_range: [
            0.5,
            10.0,
        ],
        point_size_granularity: 0.125,
        line_width_granularity: 0.125,
        strict_lines: 1,
        standard_sample_locations: 1,
        optimal_buffer_copy_offset_alignment: 1,
        optimal_buffer_copy_row_pitch_alignment: 1,
        non_coherent_atom_size: 64,
    },
    sparse_properties: PhysicalDeviceSparseProperties {
        residency_standard2_d_block_shape: 1,
        residency_standard2_d_multisample_block_shape: 1,
        residency_standard3_d_block_shape: 1,
        residency_aligned_mip_size: 0,
        residency_non_resident_strict: 1,
    },
}
2020-02-07T21:11:48.029000300+08:00 - 物理设备是否支持几何着色器: 1
2020-02-07T21:11:48.029998800+08:00 - 物理设备名称: "Intel(R) UHD Graphics 630"
2020-02-07T21:11:48.029998800+08:00 - 物理设备类型: INTEGRATED_GPU
2020-02-07T21:11:48.029998800+08:00 - 物理设备属性：PhysicalDeviceProperties {
    api_version: 4194370,
    driver_version: 65538,
    vendor_id: 32902,
    device_id: 16027,
    device_type: INTEGRATED_GPU,
    device_name: "Intel(R) UHD Graphics 630",
    pipeline_cache_uuid: [
        94,
        37,
        93,
        41,
        86,
        47,
        104,
        42,
        85,
        36,
        82,
        40,
        84,
        45,
        42,
        26,
    ],
    limits: PhysicalDeviceLimits {
        max_image_dimension1_d: 16384,
        max_image_dimension2_d: 16384,
        max_image_dimension3_d: 2048,
        max_image_dimension_cube: 16384,
        max_image_array_layers: 2048,
        max_texel_buffer_elements: 134217728,
        max_uniform_buffer_range: 65536,
        max_storage_buffer_range: 134217728,
        max_push_constants_size: 256,
        max_memory_allocation_count: 4290849134,
        max_sampler_allocation_count: 4000,
        buffer_image_granularity: 1,
        sparse_address_space_size: 17592186044416,
        max_bound_descriptor_sets: 8,
        max_per_stage_descriptor_samplers: 64,
        max_per_stage_descriptor_uniform_buffers: 200,
        max_per_stage_descriptor_storage_buffers: 200,
        max_per_stage_descriptor_sampled_images: 200,
        max_per_stage_descriptor_storage_images: 16,
        max_per_stage_descriptor_input_attachments: 8,
        max_per_stage_resources: 200,
        max_descriptor_set_samplers: 384,
        max_descriptor_set_uniform_buffers: 1200,
        max_descriptor_set_uniform_buffers_dynamic: 16,
        max_descriptor_set_storage_buffers: 1200,
        max_descriptor_set_storage_buffers_dynamic: 16,
        max_descriptor_set_sampled_images: 1200,
        max_descriptor_set_storage_images: 96,
        max_descriptor_set_input_attachments: 8,
        max_vertex_input_attributes: 16,
        max_vertex_input_bindings: 16,
        max_vertex_input_attribute_offset: 2047,
        max_vertex_input_binding_stride: 4095,
        max_vertex_output_components: 128,
        max_tessellation_generation_level: 64,
        max_tessellation_patch_size: 32,
        max_tessellation_control_per_vertex_input_components: 128,
        max_tessellation_control_per_vertex_output_components: 128,
        max_tessellation_control_per_patch_output_components: 120,
        max_tessellation_control_total_output_components: 4096,
        max_tessellation_evaluation_input_components: 128,
        max_tessellation_evaluation_output_components: 128,
        max_geometry_shader_invocations: 32,
        max_geometry_input_components: 128,
        max_geometry_output_components: 128,
        max_geometry_output_vertices: 256,
        max_geometry_total_output_components: 1024,
        max_fragment_input_components: 128,
        max_fragment_output_attachments: 8,
        max_fragment_dual_src_attachments: 1,
        max_fragment_combined_output_resources: 16,
        max_compute_shared_memory_size: 32768,
        max_compute_work_group_count: [
            65536,
            65536,
            65536,
        ],
        max_compute_work_group_invocations: 1024,
        max_compute_work_group_size: [
            1024,
            1024,
            64,
        ],
        sub_pixel_precision_bits: 8,
        sub_texel_precision_bits: 8,
        mipmap_precision_bits: 8,
        max_draw_indexed_index_value: 4294967295,
        max_draw_indirect_count: 4294967295,
        max_sampler_lod_bias: 16.0,
        max_sampler_anisotropy: 16.0,
        max_viewports: 16,
        max_viewport_dimensions: [
            32768,
            32768,
        ],
        viewport_bounds_range: [
            -65536.0,
            65535.0,
        ],
        viewport_sub_pixel_bits: 8,
        min_memory_map_alignment: 64,
        min_texel_buffer_offset_alignment: 16,
        min_uniform_buffer_offset_alignment: 32,
        min_storage_buffer_offset_alignment: 16,
        min_texel_offset: -8,
        max_texel_offset: 7,
        min_texel_gather_offset: -32,
        max_texel_gather_offset: 31,
        min_interpolation_offset: -0.5,
        max_interpolation_offset: 0.4375,
        sub_pixel_interpolation_offset_bits: 4,
        max_framebuffer_width: 16384,
        max_framebuffer_height: 16384,
        max_framebuffer_layers: 2048,
        framebuffer_color_sample_counts: TYPE_1 | TYPE_2 | TYPE_4 | TYPE_8 | TYPE_16,
        framebuffer_depth_sample_counts: TYPE_1 | TYPE_2 | TYPE_4 | TYPE_8 | TYPE_16,
        framebuffer_stencil_sample_counts: TYPE_1 | TYPE_2 | TYPE_4 | TYPE_8 | TYPE_16,
        framebuffer_no_attachments_sample_counts: TYPE_1 | TYPE_2 | TYPE_4 | TYPE_8 | TYPE_16,
        max_color_attachments: 8,
        sampled_image_color_sample_counts: TYPE_1 | TYPE_2 | TYPE_4 | TYPE_8 | TYPE_16,
        sampled_image_integer_sample_counts: TYPE_1 | TYPE_2 | TYPE_4 | TYPE_8 | TYPE_16,
        sampled_image_depth_sample_counts: TYPE_1 | TYPE_2 | TYPE_4 | TYPE_8 | TYPE_16,
        sampled_image_stencil_sample_counts: TYPE_1 | TYPE_2 | TYPE_4 | TYPE_8 | TYPE_16,
        storage_image_sample_counts: TYPE_1 | TYPE_2 | TYPE_4 | TYPE_8 | TYPE_16,
        max_sample_mask_words: 1,
        timestamp_compute_and_graphics: 1,
        timestamp_period: 83.333,
        max_clip_distances: 8,
        max_cull_distances: 8,
        max_combined_clip_and_cull_distances: 8,
        discrete_queue_priorities: 2,
        point_size_range: [
            0.125,
            255.875,
        ],
        line_width_range: [
            0.0,
            7.9921875,
        ],
        point_size_granularity: 0.125,
        line_width_granularity: 0.0078125,
        strict_lines: 0,
        standard_sample_locations: 1,
        optimal_buffer_copy_offset_alignment: 16,
        optimal_buffer_copy_row_pitch_alignment: 16,
        non_coherent_atom_size: 1,
    },
    sparse_properties: PhysicalDeviceSparseProperties {
        residency_standard2_d_block_shape: 1,
        residency_standard2_d_multisample_block_shape: 1,
        residency_standard3_d_block_shape: 1,
        residency_aligned_mip_size: 0,
        residency_non_resident_strict: 0,
    },
}
2020-02-07T21:11:49.367900100+08:00 - 物理设备是否支持几何着色器: 1
2020-02-07T21:11:49.368898200+08:00 - 物理设备名称: "Intel(R) UHD Graphics 630"
2020-02-07T21:11:49.368898200+08:00 - 物理设备类型: INTEGRATED_GPU
2020-02-07T21:11:49.368898200+08:00 - 物理设备属性：PhysicalDeviceProperties {
    api_version: 4194370,
    driver_version: 65538,
    vendor_id: 32902,
    device_id: 16027,
    device_type: INTEGRATED_GPU,
    device_name: "Intel(R) UHD Graphics 630",
    pipeline_cache_uuid: [
        94,
        37,
        93,
        41,
        86,
        47,
        104,
        42,
        85,
        36,
        82,
        40,
        84,
        45,
        42,
        26,
    ],
    limits: PhysicalDeviceLimits {
        max_image_dimension1_d: 16384,
        max_image_dimension2_d: 16384,
        max_image_dimension3_d: 2048,
        max_image_dimension_cube: 16384,
        max_image_array_layers: 2048,
        max_texel_buffer_elements: 134217728,
        max_uniform_buffer_range: 65536,
        max_storage_buffer_range: 134217728,
        max_push_constants_size: 256,
        max_memory_allocation_count: 4290849134,
        max_sampler_allocation_count: 4000,
        buffer_image_granularity: 1,
        sparse_address_space_size: 17592186044416,
        max_bound_descriptor_sets: 8,
        max_per_stage_descriptor_samplers: 64,
        max_per_stage_descriptor_uniform_buffers: 200,
        max_per_stage_descriptor_storage_buffers: 200,
        max_per_stage_descriptor_sampled_images: 200,
        max_per_stage_descriptor_storage_images: 16,
        max_per_stage_descriptor_input_attachments: 8,
        max_per_stage_resources: 200,
        max_descriptor_set_samplers: 384,
        max_descriptor_set_uniform_buffers: 1200,
        max_descriptor_set_uniform_buffers_dynamic: 16,
        max_descriptor_set_storage_buffers: 1200,
        max_descriptor_set_storage_buffers_dynamic: 16,
        max_descriptor_set_sampled_images: 1200,
        max_descriptor_set_storage_images: 96,
        max_descriptor_set_input_attachments: 8,
        max_vertex_input_attributes: 16,
        max_vertex_input_bindings: 16,
        max_vertex_input_attribute_offset: 2047,
        max_vertex_input_binding_stride: 4095,
        max_vertex_output_components: 128,
        max_tessellation_generation_level: 64,
        max_tessellation_patch_size: 32,
        max_tessellation_control_per_vertex_input_components: 128,
        max_tessellation_control_per_vertex_output_components: 128,
        max_tessellation_control_per_patch_output_components: 120,
        max_tessellation_control_total_output_components: 4096,
        max_tessellation_evaluation_input_components: 128,
        max_tessellation_evaluation_output_components: 128,
        max_geometry_shader_invocations: 32,
        max_geometry_input_components: 128,
        max_geometry_output_components: 128,
        max_geometry_output_vertices: 256,
        max_geometry_total_output_components: 1024,
        max_fragment_input_components: 128,
        max_fragment_output_attachments: 8,
        max_fragment_dual_src_attachments: 1,
        max_fragment_combined_output_resources: 16,
        max_compute_shared_memory_size: 32768,
        max_compute_work_group_count: [
            65536,
            65536,
            65536,
        ],
        max_compute_work_group_invocations: 1024,
        max_compute_work_group_size: [
            1024,
            1024,
            64,
        ],
        sub_pixel_precision_bits: 8,
        sub_texel_precision_bits: 8,
        mipmap_precision_bits: 8,
        max_draw_indexed_index_value: 4294967295,
        max_draw_indirect_count: 4294967295,
        max_sampler_lod_bias: 16.0,
        max_sampler_anisotropy: 16.0,
        max_viewports: 16,
        max_viewport_dimensions: [
            32768,
            32768,
        ],
        viewport_bounds_range: [
            -65536.0,
            65535.0,
        ],
        viewport_sub_pixel_bits: 8,
        min_memory_map_alignment: 64,
        min_texel_buffer_offset_alignment: 16,
        min_uniform_buffer_offset_alignment: 32,
        min_storage_buffer_offset_alignment: 16,
        min_texel_offset: -8,
        max_texel_offset: 7,
        min_texel_gather_offset: -32,
        max_texel_gather_offset: 31,
        min_interpolation_offset: -0.5,
        max_interpolation_offset: 0.4375,
        sub_pixel_interpolation_offset_bits: 4,
        max_framebuffer_width: 16384,
        max_framebuffer_height: 16384,
        max_framebuffer_layers: 2048,
        framebuffer_color_sample_counts: TYPE_1 | TYPE_2 | TYPE_4 | TYPE_8 | TYPE_16,
        framebuffer_depth_sample_counts: TYPE_1 | TYPE_2 | TYPE_4 | TYPE_8 | TYPE_16,
        framebuffer_stencil_sample_counts: TYPE_1 | TYPE_2 | TYPE_4 | TYPE_8 | TYPE_16,
        framebuffer_no_attachments_sample_counts: TYPE_1 | TYPE_2 | TYPE_4 | TYPE_8 | TYPE_16,
        max_color_attachments: 8,
        sampled_image_color_sample_counts: TYPE_1 | TYPE_2 | TYPE_4 | TYPE_8 | TYPE_16,
        sampled_image_integer_sample_counts: TYPE_1 | TYPE_2 | TYPE_4 | TYPE_8 | TYPE_16,
        sampled_image_depth_sample_counts: TYPE_1 | TYPE_2 | TYPE_4 | TYPE_8 | TYPE_16,
        sampled_image_stencil_sample_counts: TYPE_1 | TYPE_2 | TYPE_4 | TYPE_8 | TYPE_16,
        storage_image_sample_counts: TYPE_1 | TYPE_2 | TYPE_4 | TYPE_8 | TYPE_16,
        max_sample_mask_words: 1,
        timestamp_compute_and_graphics: 1,
        timestamp_period: 83.333,
        max_clip_distances: 8,
        max_cull_distances: 8,
        max_combined_clip_and_cull_distances: 8,
        discrete_queue_priorities: 2,
        point_size_range: [
            0.125,
            255.875,
        ],
        line_width_range: [
            0.0,
            7.9921875,
        ],
        point_size_granularity: 0.125,
        line_width_granularity: 0.0078125,
        strict_lines: 0,
        standard_sample_locations: 1,
        optimal_buffer_copy_offset_alignment: 16,
        optimal_buffer_copy_row_pitch_alignment: 16,
        non_coherent_atom_size: 1,
    },
    sparse_properties: PhysicalDeviceSparseProperties {
        residency_standard2_d_block_shape: 1,
        residency_standard2_d_multisample_block_shape: 1,
        residency_standard3_d_block_shape: 1,
        residency_aligned_mip_size: 0,
        residency_non_resident_strict: 0,
    },
}
2020-02-07T21:11:52.113232900+08:00 - 物理设备是否支持几何着色器: 1
2020-02-07T21:11:52.125233200+08:00 - 物理设备名称: "Intel(R) UHD Graphics 630"
2020-02-07T21:11:52.164129700+08:00 - 物理设备类型: INTEGRATED_GPU
2020-02-07T21:11:52.165092400+08:00 - 物理设备属性：PhysicalDeviceProperties {
    api_version: 4194370,
    driver_version: 65538,
    vendor_id: 32902,
    device_id: 16027,
    device_type: INTEGRATED_GPU,
    device_name: "Intel(R) UHD Graphics 630",
    pipeline_cache_uuid: [
        94,
        37,
        93,
        41,
        86,
        47,
        104,
        42,
        85,
        36,
        82,
        40,
        84,
        45,
        42,
        26,
    ],
    limits: PhysicalDeviceLimits {
        max_image_dimension1_d: 16384,
        max_image_dimension2_d: 16384,
        max_image_dimension3_d: 2048,
        max_image_dimension_cube: 16384,
        max_image_array_layers: 2048,
        max_texel_buffer_elements: 134217728,
        max_uniform_buffer_range: 65536,
        max_storage_buffer_range: 134217728,
        max_push_constants_size: 256,
        max_memory_allocation_count: 4290849134,
        max_sampler_allocation_count: 4000,
        buffer_image_granularity: 1,
        sparse_address_space_size: 17592186044416,
        max_bound_descriptor_sets: 8,
        max_per_stage_descriptor_samplers: 64,
        max_per_stage_descriptor_uniform_buffers: 200,
        max_per_stage_descriptor_storage_buffers: 200,
        max_per_stage_descriptor_sampled_images: 200,
        max_per_stage_descriptor_storage_images: 16,
        max_per_stage_descriptor_input_attachments: 8,
        max_per_stage_resources: 200,
        max_descriptor_set_samplers: 384,
        max_descriptor_set_uniform_buffers: 1200,
        max_descriptor_set_uniform_buffers_dynamic: 16,
        max_descriptor_set_storage_buffers: 1200,
        max_descriptor_set_storage_buffers_dynamic: 16,
        max_descriptor_set_sampled_images: 1200,
        max_descriptor_set_storage_images: 96,
        max_descriptor_set_input_attachments: 8,
        max_vertex_input_attributes: 16,
        max_vertex_input_bindings: 16,
        max_vertex_input_attribute_offset: 2047,
        max_vertex_input_binding_stride: 4095,
        max_vertex_output_components: 128,
        max_tessellation_generation_level: 64,
        max_tessellation_patch_size: 32,
        max_tessellation_control_per_vertex_input_components: 128,
        max_tessellation_control_per_vertex_output_components: 128,
        max_tessellation_control_per_patch_output_components: 120,
        max_tessellation_control_total_output_components: 4096,
        max_tessellation_evaluation_input_components: 128,
        max_tessellation_evaluation_output_components: 128,
        max_geometry_shader_invocations: 32,
        max_geometry_input_components: 128,
        max_geometry_output_components: 128,
        max_geometry_output_vertices: 256,
        max_geometry_total_output_components: 1024,
        max_fragment_input_components: 128,
        max_fragment_output_attachments: 8,
        max_fragment_dual_src_attachments: 1,
        max_fragment_combined_output_resources: 16,
        max_compute_shared_memory_size: 32768,
        max_compute_work_group_count: [
            65536,
            65536,
            65536,
        ],
        max_compute_work_group_invocations: 1024,
        max_compute_work_group_size: [
            1024,
            1024,
            64,
        ],
        sub_pixel_precision_bits: 8,
        sub_texel_precision_bits: 8,
        mipmap_precision_bits: 8,
        max_draw_indexed_index_value: 4294967295,
        max_draw_indirect_count: 4294967295,
        max_sampler_lod_bias: 16.0,
        max_sampler_anisotropy: 16.0,
        max_viewports: 16,
        max_viewport_dimensions: [
            32768,
            32768,
        ],
        viewport_bounds_range: [
            -65536.0,
            65535.0,
        ],
        viewport_sub_pixel_bits: 8,
        min_memory_map_alignment: 64,
        min_texel_buffer_offset_alignment: 16,
        min_uniform_buffer_offset_alignment: 32,
        min_storage_buffer_offset_alignment: 16,
        min_texel_offset: -8,
        max_texel_offset: 7,
        min_texel_gather_offset: -32,
        max_texel_gather_offset: 31,
        min_interpolation_offset: -0.5,
        max_interpolation_offset: 0.4375,
        sub_pixel_interpolation_offset_bits: 4,
        max_framebuffer_width: 16384,
        max_framebuffer_height: 16384,
        max_framebuffer_layers: 2048,
        framebuffer_color_sample_counts: TYPE_1 | TYPE_2 | TYPE_4 | TYPE_8 | TYPE_16,
        framebuffer_depth_sample_counts: TYPE_1 | TYPE_2 | TYPE_4 | TYPE_8 | TYPE_16,
        framebuffer_stencil_sample_counts: TYPE_1 | TYPE_2 | TYPE_4 | TYPE_8 | TYPE_16,
        framebuffer_no_attachments_sample_counts: TYPE_1 | TYPE_2 | TYPE_4 | TYPE_8 | TYPE_16,
        max_color_attachments: 8,
        sampled_image_color_sample_counts: TYPE_1 | TYPE_2 | TYPE_4 | TYPE_8 | TYPE_16,
        sampled_image_integer_sample_counts: TYPE_1 | TYPE_2 | TYPE_4 | TYPE_8 | TYPE_16,
        sampled_image_depth_sample_counts: TYPE_1 | TYPE_2 | TYPE_4 | TYPE_8 | TYPE_16,
        sampled_image_stencil_sample_counts: TYPE_1 | TYPE_2 | TYPE_4 | TYPE_8 | TYPE_16,
        storage_image_sample_counts: TYPE_1 | TYPE_2 | TYPE_4 | TYPE_8 | TYPE_16,
        max_sample_mask_words: 1,
        timestamp_compute_and_graphics: 1,
        timestamp_period: 83.333,
        max_clip_distances: 8,
        max_cull_distances: 8,
        max_combined_clip_and_cull_distances: 8,
        discrete_queue_priorities: 2,
        point_size_range: [
            0.125,
            255.875,
        ],
        line_width_range: [
            0.0,
            7.9921875,
        ],
        point_size_granularity: 0.125,
        line_width_granularity: 0.0078125,
        strict_lines: 0,
        standard_sample_locations: 1,
        optimal_buffer_copy_offset_alignment: 16,
        optimal_buffer_copy_row_pitch_alignment: 16,
        non_coherent_atom_size: 1,
    },
    sparse_properties: PhysicalDeviceSparseProperties {
        residency_standard2_d_block_shape: 1,
        residency_standard2_d_multisample_block_shape: 1,
        residency_standard3_d_block_shape: 1,
        residency_aligned_mip_size: 0,
        residency_non_resident_strict: 0,
    },
}
2020-02-07T21:11:53.968258+08:00 - 物理设备是否支持几何着色器: 1
2020-02-07T21:11:54.040059+08:00 - 交换链数量:3
2020-02-07T21:11:54.062059600+08:00 - 物理设备名称: "Intel(R) UHD Graphics 630"
2020-02-07T21:11:54.092982200+08:00 - 物理设备类型: INTEGRATED_GPU
2020-02-07T21:11:54.093915+08:00 - 物理设备属性：PhysicalDeviceProperties {
    api_version: 4194370,
    driver_version: 65538,
    vendor_id: 32902,
    device_id: 16027,
    device_type: INTEGRATED_GPU,
    device_name: "Intel(R) UHD Graphics 630",
    pipeline_cache_uuid: [
        94,
        37,
        93,
        41,
        86,
        47,
        104,
        42,
        85,
        36,
        82,
        40,
        84,
        45,
        42,
        26,
    ],
    limits: PhysicalDeviceLimits {
        max_image_dimension1_d: 16384,
        max_image_dimension2_d: 16384,
        max_image_dimension3_d: 2048,
        max_image_dimension_cube: 16384,
        max_image_array_layers: 2048,
        max_texel_buffer_elements: 134217728,
        max_uniform_buffer_range: 65536,
        max_storage_buffer_range: 134217728,
        max_push_constants_size: 256,
        max_memory_allocation_count: 4290849134,
        max_sampler_allocation_count: 4000,
        buffer_image_granularity: 1,
        sparse_address_space_size: 17592186044416,
        max_bound_descriptor_sets: 8,
        max_per_stage_descriptor_samplers: 64,
        max_per_stage_descriptor_uniform_buffers: 200,
        max_per_stage_descriptor_storage_buffers: 200,
        max_per_stage_descriptor_sampled_images: 200,
        max_per_stage_descriptor_storage_images: 16,
        max_per_stage_descriptor_input_attachments: 8,
        max_per_stage_resources: 200,
        max_descriptor_set_samplers: 384,
        max_descriptor_set_uniform_buffers: 1200,
        max_descriptor_set_uniform_buffers_dynamic: 16,
        max_descriptor_set_storage_buffers: 1200,
        max_descriptor_set_storage_buffers_dynamic: 16,
        max_descriptor_set_sampled_images: 1200,
        max_descriptor_set_storage_images: 96,
        max_descriptor_set_input_attachments: 8,
        max_vertex_input_attributes: 16,
        max_vertex_input_bindings: 16,
        max_vertex_input_attribute_offset: 2047,
        max_vertex_input_binding_stride: 4095,
        max_vertex_output_components: 128,
        max_tessellation_generation_level: 64,
        max_tessellation_patch_size: 32,
        max_tessellation_control_per_vertex_input_components: 128,
        max_tessellation_control_per_vertex_output_components: 128,
        max_tessellation_control_per_patch_output_components: 120,
        max_tessellation_control_total_output_components: 4096,
        max_tessellation_evaluation_input_components: 128,
        max_tessellation_evaluation_output_components: 128,
        max_geometry_shader_invocations: 32,
        max_geometry_input_components: 128,
        max_geometry_output_components: 128,
        max_geometry_output_vertices: 256,
        max_geometry_total_output_components: 1024,
        max_fragment_input_components: 128,
        max_fragment_output_attachments: 8,
        max_fragment_dual_src_attachments: 1,
        max_fragment_combined_output_resources: 16,
        max_compute_shared_memory_size: 32768,
        max_compute_work_group_count: [
            65536,
            65536,
            65536,
        ],
        max_compute_work_group_invocations: 1024,
        max_compute_work_group_size: [
            1024,
            1024,
            64,
        ],
        sub_pixel_precision_bits: 8,
        sub_texel_precision_bits: 8,
        mipmap_precision_bits: 8,
        max_draw_indexed_index_value: 4294967295,
        max_draw_indirect_count: 4294967295,
        max_sampler_lod_bias: 16.0,
        max_sampler_anisotropy: 16.0,
        max_viewports: 16,
        max_viewport_dimensions: [
            32768,
            32768,
        ],
        viewport_bounds_range: [
            -65536.0,
            65535.0,
        ],
        viewport_sub_pixel_bits: 8,
        min_memory_map_alignment: 64,
        min_texel_buffer_offset_alignment: 16,
        min_uniform_buffer_offset_alignment: 32,
        min_storage_buffer_offset_alignment: 16,
        min_texel_offset: -8,
        max_texel_offset: 7,
        min_texel_gather_offset: -32,
        max_texel_gather_offset: 31,
        min_interpolation_offset: -0.5,
        max_interpolation_offset: 0.4375,
        sub_pixel_interpolation_offset_bits: 4,
        max_framebuffer_width: 16384,
        max_framebuffer_height: 16384,
        max_framebuffer_layers: 2048,
        framebuffer_color_sample_counts: TYPE_1 | TYPE_2 | TYPE_4 | TYPE_8 | TYPE_16,
        framebuffer_depth_sample_counts: TYPE_1 | TYPE_2 | TYPE_4 | TYPE_8 | TYPE_16,
        framebuffer_stencil_sample_counts: TYPE_1 | TYPE_2 | TYPE_4 | TYPE_8 | TYPE_16,
        framebuffer_no_attachments_sample_counts: TYPE_1 | TYPE_2 | TYPE_4 | TYPE_8 | TYPE_16,
        max_color_attachments: 8,
        sampled_image_color_sample_counts: TYPE_1 | TYPE_2 | TYPE_4 | TYPE_8 | TYPE_16,
        sampled_image_integer_sample_counts: TYPE_1 | TYPE_2 | TYPE_4 | TYPE_8 | TYPE_16,
        sampled_image_depth_sample_counts: TYPE_1 | TYPE_2 | TYPE_4 | TYPE_8 | TYPE_16,
        sampled_image_stencil_sample_counts: TYPE_1 | TYPE_2 | TYPE_4 | TYPE_8 | TYPE_16,
        storage_image_sample_counts: TYPE_1 | TYPE_2 | TYPE_4 | TYPE_8 | TYPE_16,
        max_sample_mask_words: 1,
        timestamp_compute_and_graphics: 1,
        timestamp_period: 83.333,
        max_clip_distances: 8,
        max_cull_distances: 8,
        max_combined_clip_and_cull_distances: 8,
        discrete_queue_priorities: 2,
        point_size_range: [
            0.125,
            255.875,
        ],
        line_width_range: [
            0.0,
            7.9921875,
        ],
        point_size_granularity: 0.125,
        line_width_granularity: 0.0078125,
        strict_lines: 0,
        standard_sample_locations: 1,
        optimal_buffer_copy_offset_alignment: 16,
        optimal_buffer_copy_row_pitch_alignment: 16,
        non_coherent_atom_size: 1,
    },
    sparse_properties: PhysicalDeviceSparseProperties {
        residency_standard2_d_block_shape: 1,
        residency_standard2_d_multisample_block_shape: 1,
        residency_standard3_d_block_shape: 1,
        residency_aligned_mip_size: 0,
        residency_non_resident_strict: 0,
    },
}
2020-02-07T21:11:55.526834+08:00 - 物理设备是否支持几何着色器: 1
2020-02-07T21:11:57.419767400+08:00 - clean_up
